Arguments: 
  C:\Program Files\nodejs\node.exe C:\Program Files (x86)\Yarn\bin\yarn.js install

PATH: 
  C:\Program Files\Docker\Docker\Resources\bin;C:\Python27\;C:\Python27\Scripts;C:\Program Files (x86)\Common Files\Oracle\Java\javapath;C:\ProgramData\Oracle\Java\javapath;C:\Program Files (x86)\Intel\Intel(R) Management Engine Components\iCLS\;C:\Program Files\Intel\Intel(R) Management Engine Components\iCLS\;C:\Windows\system32;C:\Windows;C:\Windows\System32\Wbem;C:\Windows\System32\WindowsPowerShell\v1.0\;C:\Windows\System32\OpenSSH\;C:\Program Files (x86)\Intel\Intel(R) Management Engine Components\DAL;C:\Program Files\Intel\Intel(R) Management Engine Components\DAL;C:\Program Files (x86)\Intel\Intel(R) Management Engine Components\IPT;C:\Program Files\Intel\Intel(R) Management Engine Components\IPT;C:\Program Files (x86)\NVIDIA Corporation\PhysX\Common;C:\WINDOWS\system32;C:\WINDOWS;C:\WINDOWS\System32\Wbem;C:\WINDOWS\System32\WindowsPowerShell\v1.0\;C:\WINDOWS\System32\OpenSSH\;C:\Program Files\heroku\bin;C:\Program Files\Java\jdk1.8.0_211\bin;C:\ProgramData\chocolatey\bin;C:\Users\2192525\AppData\Local\Android\Sdk\platform-tools;C:\Users\2192525\AppData\Local\Android\Sdk\tools;C:\Program Files (x86)\Yarn\bin\;C:\Program Files\Microsoft VS Code\bin;C:\Program Files\PostgreSQL\10\\bin;C:\Program Files\PuTTY\;C:\Program Files\nodejs\;C:\Program Files\Git\cmd;C:\Users\2192525\AppData\Local\Microsoft\WindowsApps;C:\Users\2192525\AppData\Local\Yarn\bin;C:\Users\2192525\AppData\Local\hyper\app-3.0.2\resources\bin;C:\Users\2192525\AppData\Roaming\npm

Yarn version: 
  1.19.0

Node version: 
  14.16.0

Platform: 
  win32 x64

Trace: 
  Error: self signed certificate in certificate chain
      at TLSSocket.onConnectSecure (_tls_wrap.js:1497:34)
      at TLSSocket.emit (events.js:315:20)
      at TLSSocket._finishInit (_tls_wrap.js:932:8)
      at TLSWrap.ssl.onhandshakedone (_tls_wrap.js:706:12)

npm manifest: 
  {
    "name": "desafio",
    "version": "1.0.0",
    "main": "src/server.js",
    "license": "MIT",
    "scripts": {
      "dev": "nodemon",
      "test": "jest"
    },
    "dependencies": {
      "cors": "^2.8.5",
      "express": "^4.17.1",
      "uuid": "^8.3.2"
    },
    "devDependencies": {
      "jest": "^26.6.3",
      "nodemon": "^2.0.7",
      "supertest": "^6.1.3"
    }
  }

yarn manifest: 
  No manifest

Lockfile: 
  No lockfile
